app/build/outputs/logs/manifest-merger-debug-report.txt
-- Merging decision tree log ---
manifest
ADDED from AndroidManifest.xml:2:1
	xmlns:tools
		ADDED from AndroidManifest.xml:3:5
	xmlns:android
		ADDED from AndroidManifest.xml:2:11
	package
		ADDED from AndroidManifest.xml:4:5
		INJECTED from AndroidManifest.xml:0:0
		INJECTED from AndroidManifest.xml:0:0
	android:versionName
		ADDED from AndroidManifest.xml:6:5
	android:versionCode
		ADDED from AndroidManifest.xml:5:5
		INJECTED from AndroidManifest.xml:0:0
		INJECTED from AndroidManifest.xml:0:0
uses-sdk
ADDED from AndroidManifest.xml:8:5
MERGED from com.android.support:appcompat-v7:22.2.0:20:5
MERGED from com.android.support:support-v4:22.2.0:20:5
MERGED from com.awareframework:aware-core:3.4.6:7:5
MERGED from com.google.android.gms:play-services:7.5.0:18:5
MERGED from com.google.android.gms:play-services-ads:7.5.0:23:5
MERGED from com.google.android.gms:play-services-base:7.5.0:18:5
MERGED from com.android.support:support-v4:22.2.0:20:5
MERGED from com.google.android.gms:play-services-analytics:7.5.0:18:5
MERGED from com.google.android.gms:play-services-base:7.5.0:18:5
MERGED from com.android.support:support-v4:22.2.0:20:5
MERGED from com.google.android.gms:play-services-analytics:7.5.0:18:5
MERGED from com.google.android.gms:play-services-base:7.5.0:18:5
MERGED from com.android.support:support-v4:22.2.0:20:5
MERGED from com.google.android.gms:play-services-appindexing:7.5.0:18:5
MERGED from com.google.android.gms:play-services-base:7.5.0:18:5
MERGED from com.android.support:support-v4:22.2.0:20:5
MERGED from com.google.android.gms:play-services-appinvite:7.5.0:18:5
MERGED from com.google.android.gms:play-services-base:7.5.0:18:5
MERGED from com.android.support:support-v4:22.2.0:20:5
MERGED from com.google.android.gms:play-services-appstate:7.5.0:18:5
MERGED from com.google.android.gms:play-services-base:7.5.0:18:5
MERGED from com.android.support:support-v4:22.2.0:20:5
MERGED from com.google.android.gms:play-services-base:7.5.0:18:5
MERGED from com.android.support:support-v4:22.2.0:20:5
MERGED from com.google.android.gms:play-services-cast:7.5.0:18:5
MERGED from com.google.android.gms:play-services-base:7.5.0:18:5
MERGED from com.android.support:support-v4:22.2.0:20:5
MERGED from com.android.support:mediarouter-v7:22.0.0:20:5
MERGED from com.android.support:appcompat-v7:22.2.0:20:5
MERGED from com.android.support:support-v4:22.2.0:20:5
MERGED from com.google.android.gms:play-services-drive:7.5.0:18:5
MERGED from com.google.android.gms:play-services-base:7.5.0:18:5
MERGED from com.android.support:support-v4:22.2.0:20:5
MERGED from com.google.android.gms:play-services-fitness:7.5.0:18:5
MERGED from com.google.android.gms:play-services-base:7.5.0:18:5
MERGED from com.android.support:support-v4:22.2.0:20:5
MERGED from com.google.android.gms:play-services-location:7.5.0:18:5
MERGED from com.google.android.gms:play-services-base:7.5.0:18:5
MERGED from com.android.support:support-v4:22.2.0:20:5
MERGED from com.google.android.gms:play-services-maps:7.5.0:28:5
MERGED from com.google.android.gms:play-services-base:7.5.0:18:5
MERGED from com.android.support:support-v4:22.2.0:20:5
MERGED from com.google.android.gms:play-services-games:7.5.0:18:5
MERGED from com.google.android.gms:play-services-base:7.5.0:18:5
MERGED from com.android.support:support-v4:22.2.0:20:5
MERGED from com.google.android.gms:play-services-drive:7.5.0:18:5
MERGED from com.google.android.gms:play-services-base:7.5.0:18:5
MERGED from com.android.support:support-v4:22.2.0:20:5
MERGED from com.google.android.gms:play-services-gcm:7.5.0:18:5
MERGED from com.google.android.gms:play-services-base:7.5.0:18:5
MERGED from com.android.support:support-v4:22.2.0:20:5
MERGED from com.google.android.gms:play-services-identity:7.5.0:18:5
MERGED from com.google.android.gms:play-services-base:7.5.0:18:5
MERGED from com.android.support:support-v4:22.2.0:20:5
MERGED from com.google.android.gms:play-services-location:7.5.0:18:5
MERGED from com.google.android.gms:play-services-base:7.5.0:18:5
MERGED from com.android.support:support-v4:22.2.0:20:5
MERGED from com.google.android.gms:play-services-maps:7.5.0:28:5
MERGED from com.google.android.gms:play-services-base:7.5.0:18:5
MERGED from com.android.support:support-v4:22.2.0:20:5
MERGED from com.google.android.gms:play-services-maps:7.5.0:28:5
MERGED from com.google.android.gms:play-services-base:7.5.0:18:5
MERGED from com.android.support:support-v4:22.2.0:20:5
MERGED from com.google.android.gms:play-services-nearby:7.5.0:18:5
MERGED from com.google.android.gms:play-services-base:7.5.0:18:5
MERGED from com.android.support:support-v4:22.2.0:20:5
MERGED from com.google.android.gms:play-services-panorama:7.5.0:18:5
MERGED from com.google.android.gms:play-services-base:7.5.0:18:5
MERGED from com.android.support:support-v4:22.2.0:20:5
MERGED from com.google.android.gms:play-services-plus:7.5.0:18:5
MERGED from com.google.android.gms:play-services-base:7.5.0:18:5
MERGED from com.android.support:support-v4:22.2.0:20:5
MERGED from com.google.android.gms:play-services-safetynet:7.5.0:18:5
MERGED from com.google.android.gms:play-services-base:7.5.0:18:5
MERGED from com.android.support:support-v4:22.2.0:20:5
MERGED from com.google.android.gms:play-services-wallet:7.5.0:19:5
MERGED from com.google.android.gms:play-services-base:7.5.0:18:5
MERGED from com.android.support:support-v4:22.2.0:20:5
MERGED from com.google.android.gms:play-services-identity:7.5.0:18:5
MERGED from com.google.android.gms:play-services-base:7.5.0:18:5
MERGED from com.android.support:support-v4:22.2.0:20:5
MERGED from com.google.android.gms:play-services-maps:7.5.0:28:5
MERGED from com.google.android.gms:play-services-base:7.5.0:18:5
MERGED from com.android.support:support-v4:22.2.0:20:5
MERGED from com.google.android.gms:play-services-wearable:7.5.0:18:5
MERGED from com.google.android.gms:play-services-base:7.5.0:18:5
MERGED from com.android.support:support-v4:22.2.0:20:5
MERGED from com.android.support:cardview-v7:22.2.0:20:5
	android:targetSdkVersion
		ADDED from AndroidManifest.xml:10:9
		INJECTED from AndroidManifest.xml:0:0
		INJECTED from AndroidManifest.xml:0:0
	android:minSdkVersion
		ADDED from AndroidManifest.xml:9:9
		INJECTED from AndroidManifest.xml:0:0
		INJECTED from AndroidManifest.xml:0:0
uses-permission#android.permission.BLUETOOTH
ADDED from AndroidManifest.xml:12:5
	android:name
		ADDED from AndroidManifest.xml:12:22
uses-permission#com.microsoft.band.service.access.BIND_BAND_SERVICE
ADDED from AndroidManifest.xml:13:5
	android:name
		ADDED from AndroidManifest.xml:13:22
uses-permission#android.permission.WRITE_EXTERNAL_STORAGE
ADDED from AndroidManifest.xml:14:5
MERGED from com.awareframework:aware-core:3.4.6:48:5
MERGED from com.google.android.gms:play-services-maps:7.5.0:22:5
MERGED from com.google.android.gms:play-services-maps:7.5.0:22:5
MERGED from com.google.android.gms:play-services-maps:7.5.0:22:5
MERGED from com.google.android.gms:play-services-maps:7.5.0:22:5
	android:name
		ADDED from AndroidManifest.xml:14:22
application
ADDED from AndroidManifest.xml:17:5
MERGED from com.android.support:appcompat-v7:22.2.0:22:5
MERGED from com.android.support:support-v4:22.2.0:22:5
MERGED from com.awareframework:aware-core:3.4.6:53:5
MERGED from com.google.android.gms:play-services:7.5.0:19:5
MERGED from com.google.android.gms:play-services-ads:7.5.0:24:5
MERGED from com.google.android.gms:play-services-base:7.5.0:20:5
MERGED from com.android.support:support-v4:22.2.0:22:5
MERGED from com.google.android.gms:play-services-analytics:7.5.0:24:5
MERGED from com.google.android.gms:play-services-base:7.5.0:20:5
MERGED from com.android.support:support-v4:22.2.0:22:5
MERGED from com.google.android.gms:play-services-analytics:7.5.0:24:5
MERGED from com.google.android.gms:play-services-base:7.5.0:20:5
MERGED from com.android.support:support-v4:22.2.0:22:5
MERGED from com.google.android.gms:play-services-appindexing:7.5.0:19:5
MERGED from com.google.android.gms:play-services-base:7.5.0:20:5
MERGED from com.android.support:support-v4:22.2.0:22:5
MERGED from com.google.android.gms:play-services-appinvite:7.5.0:20:5
MERGED from com.google.android.gms:play-services-base:7.5.0:20:5
MERGED from com.android.support:support-v4:22.2.0:22:5
MERGED from com.google.android.gms:play-services-appstate:7.5.0:19:5
MERGED from com.google.android.gms:play-services-base:7.5.0:20:5
MERGED from com.android.support:support-v4:22.2.0:22:5
MERGED from com.google.android.gms:play-services-base:7.5.0:20:5
MERGED from com.android.support:support-v4:22.2.0:22:5
MERGED from com.google.android.gms:play-services-cast:7.5.0:19:5
MERGED from com.google.android.gms:play-services-base:7.5.0:20:5
MERGED from com.android.support:support-v4:22.2.0:22:5
MERGED from com.android.support:mediarouter-v7:22.0.0:22:5
MERGED from com.android.support:appcompat-v7:22.2.0:22:5
MERGED from com.android.support:support-v4:22.2.0:22:5
MERGED from com.google.android.gms:play-services-drive:7.5.0:19:5
MERGED from com.google.android.gms:play-services-base:7.5.0:20:5
MERGED from com.android.support:support-v4:22.2.0:22:5
MERGED from com.google.android.gms:play-services-fitness:7.5.0:19:5
MERGED from com.google.android.gms:play-services-base:7.5.0:20:5
MERGED from com.android.support:support-v4:22.2.0:22:5
MERGED from com.google.android.gms:play-services-location:7.5.0:19:5
MERGED from com.google.android.gms:play-services-base:7.5.0:20:5
MERGED from com.android.support:support-v4:22.2.0:22:5
MERGED from com.google.android.gms:play-services-maps:7.5.0:29:5
MERGED from com.google.android.gms:play-services-base:7.5.0:20:5
MERGED from com.android.support:support-v4:22.2.0:22:5
MERGED from com.google.android.gms:play-services-games:7.5.0:19:5
MERGED from com.google.android.gms:play-services-base:7.5.0:20:5
MERGED from com.android.support:support-v4:22.2.0:22:5
MERGED from com.google.android.gms:play-services-drive:7.5.0:19:5
MERGED from com.google.android.gms:play-services-base:7.5.0:20:5
MERGED from com.android.support:support-v4:22.2.0:22:5
MERGED from com.google.android.gms:play-services-gcm:7.5.0:19:5
MERGED from com.google.android.gms:play-services-base:7.5.0:20:5
MERGED from com.android.support:support-v4:22.2.0:22:5
MERGED from com.google.android.gms:play-services-identity:7.5.0:19:5
MERGED from com.google.android.gms:play-services-base:7.5.0:20:5
MERGED from com.android.support:support-v4:22.2.0:22:5
MERGED from com.google.android.gms:play-services-location:7.5.0:19:5
MERGED from com.google.android.gms:play-services-base:7.5.0:20:5
MERGED from com.android.support:support-v4:22.2.0:22:5
MERGED from com.google.android.gms:play-services-maps:7.5.0:29:5
MERGED from com.google.android.gms:play-services-base:7.5.0:20:5
MERGED from com.android.support:support-v4:22.2.0:22:5
MERGED from com.google.android.gms:play-services-maps:7.5.0:29:5
MERGED from com.google.android.gms:play-services-base:7.5.0:20:5
MERGED from com.android.support:support-v4:22.2.0:22:5
MERGED from com.google.android.gms:play-services-nearby:7.5.0:20:5
MERGED from com.google.android.gms:play-services-base:7.5.0:20:5
MERGED from com.android.support:support-v4:22.2.0:22:5
MERGED from com.google.android.gms:play-services-panorama:7.5.0:19:5
MERGED from com.google.android.gms:play-services-base:7.5.0:20:5
MERGED from com.android.support:support-v4:22.2.0:22:5
MERGED from com.google.android.gms:play-services-plus:7.5.0:19:5
MERGED from com.google.android.gms:play-services-base:7.5.0:20:5
MERGED from com.android.support:support-v4:22.2.0:22:5
MERGED from com.google.android.gms:play-services-safetynet:7.5.0:19:5
MERGED from com.google.android.gms:play-services-base:7.5.0:20:5
MERGED from com.android.support:support-v4:22.2.0:22:5
MERGED from com.google.android.gms:play-services-wallet:7.5.0:24:5
MERGED from com.google.android.gms:play-services-base:7.5.0:20:5
MERGED from com.android.support:support-v4:22.2.0:22:5
MERGED from com.google.android.gms:play-services-identity:7.5.0:19:5
MERGED from com.google.android.gms:play-services-base:7.5.0:20:5
MERGED from com.android.support:support-v4:22.2.0:22:5
MERGED from com.google.android.gms:play-services-maps:7.5.0:29:5
MERGED from com.google.android.gms:play-services-base:7.5.0:20:5
MERGED from com.android.support:support-v4:22.2.0:22:5
MERGED from com.google.android.gms:play-services-wearable:7.5.0:19:5
MERGED from com.google.android.gms:play-services-base:7.5.0:20:5
MERGED from com.android.support:support-v4:22.2.0:22:5
MERGED from com.android.support:cardview-v7:22.2.0:22:5
	android:label
		ADDED from AndroidManifest.xml:20:9
	android:allowBackup
		ADDED from AndroidManifest.xml:18:9
	android:icon
		ADDED from AndroidManifest.xml:19:9
		REJECTED from com.awareframework:aware-core:3.4.6:54:9
	android:theme
		ADDED from AndroidManifest.xml:21:9
		REJECTED from com.awareframework:aware-core:3.4.6:56:9
	tools:replace
		ADDED from AndroidManifest.xml:22:9
activity#com.microsoft.band.sdk.sampleapp.MainActivity
ADDED from AndroidManifest.xml:23:9
	android:screenOrientation
		ADDED from AndroidManifest.xml:25:13
	android:label
		ADDED from AndroidManifest.xml:26:13
	android:name
		ADDED from AndroidManifest.xml:24:13
intent-filter#android.intent.action.MAIN+android.intent.category.LAUNCHER
ADDED from AndroidManifest.xml:27:13
action#android.intent.action.MAIN
ADDED from AndroidManifest.xml:28:17
	android:name
		ADDED from AndroidManifest.xml:28:25
category#android.intent.category.LAUNCHER
ADDED from AndroidManifest.xml:30:17
	android:name
		ADDED from AndroidManifest.xml:30:27
service#com.microsoft.band.sdk.sampleapp.BandStreamingAppActivity
ADDED from AndroidManifest.xml:33:9
	android:exported
		ADDED from AndroidManifest.xml:33:91
	android:name
		ADDED from AndroidManifest.xml:33:18
provider#com.aware.providers.Bluetooth_Provider
ADDED from AndroidManifest.xml:37:5
	android:exported
		ADDED from AndroidManifest.xml:40:9
	android:authorities
		ADDED from AndroidManifest.xml:39:9
		INJECTED from AndroidManifest.xml:0:0
	android:readPermission
		ADDED from AndroidManifest.xml:41:9
	android:name
		ADDED from AndroidManifest.xml:38:9
	android:writePermission
		ADDED from AndroidManifest.xml:42:9
provider#com.aware.providers.Applications_Provider
ADDED from AndroidManifest.xml:45:5
	android:exported
		ADDED from AndroidManifest.xml:48:9
	android:authorities
		ADDED from AndroidManifest.xml:47:9
		INJECTED from AndroidManifest.xml:0:0
	android:readPermission
		ADDED from AndroidManifest.xml:49:9
	android:name
		ADDED from AndroidManifest.xml:46:9
	android:writePermission
		ADDED from AndroidManifest.xml:50:9
provider#com.aware.providers.Locations_Provider
ADDED from AndroidManifest.xml:53:5
	android:exported
		ADDED from AndroidManifest.xml:56:9
	android:authorities
		ADDED from AndroidManifest.xml:55:9
		INJECTED from AndroidManifest.xml:0:0
	android:readPermission
		ADDED from AndroidManifest.xml:57:9
	android:name
		ADDED from AndroidManifest.xml:54:9
	android:writePermission
		ADDED from AndroidManifest.xml:58:9
provider#com.aware.providers.Installations_Provider
ADDED from AndroidManifest.xml:61:5
	android:exported
		ADDED from AndroidManifest.xml:64:9
	android:authorities
		ADDED from AndroidManifest.xml:63:9
		INJECTED from AndroidManifest.xml:0:0
	android:readPermission
		ADDED from AndroidManifest.xml:65:9
	android:name
		ADDED from AndroidManifest.xml:62:9
	android:writePermission
		ADDED from AndroidManifest.xml:66:9
provider#com.aware.providers.ESM_Provider
ADDED from AndroidManifest.xml:69:5
	android:exported
		ADDED from AndroidManifest.xml:72:9
	android:authorities
		ADDED from AndroidManifest.xml:71:9
		INJECTED from AndroidManifest.xml:0:0
	android:readPermission
		ADDED from AndroidManifest.xml:73:9
	android:name
		ADDED from AndroidManifest.xml:70:9
	android:writePermission
		ADDED from AndroidManifest.xml:74:9
provider#com.aware.providers.Temperature_Provider
ADDED from AndroidManifest.xml:77:5
	android:exported
		ADDED from AndroidManifest.xml:80:9
	android:authorities
		ADDED from AndroidManifest.xml:79:9
		INJECTED from AndroidManifest.xml:0:0
	android:readPermission
		ADDED from AndroidManifest.xml:81:9
	android:name
		ADDED from AndroidManifest.xml:78:9
	android:writePermission
		ADDED from AndroidManifest.xml:82:9
provider#com.aware.providers.Linear_Accelerometer_Provider
ADDED from AndroidManifest.xml:85:5
	android:exported
		ADDED from AndroidManifest.xml:88:9
	android:authorities
		ADDED from AndroidManifest.xml:87:9
		INJECTED from AndroidManifest.xml:0:0
	android:readPermission
		ADDED from AndroidManifest.xml:89:9
	android:name
		ADDED from AndroidManifest.xml:86:9
	android:writePermission
		ADDED from AndroidManifest.xml:90:9
provider#com.aware.providers.Gravity_Provider
ADDED from AndroidManifest.xml:93:5
	android:exported
		ADDED from AndroidManifest.xml:96:9
	android:authorities
		ADDED from AndroidManifest.xml:95:9
		INJECTED from AndroidManifest.xml:0:0
	android:readPermission
		ADDED from AndroidManifest.xml:97:9
	android:name
		ADDED from AndroidManifest.xml:94:9
	android:writePermission
		ADDED from AndroidManifest.xml:98:9
provider#com.aware.providers.Barometer_Provider
ADDED from AndroidManifest.xml:101:5
	android:exported
		ADDED from AndroidManifest.xml:104:9
	android:authorities
		ADDED from AndroidManifest.xml:103:9
		INJECTED from AndroidManifest.xml:0:0
	android:readPermission
		ADDED from AndroidManifest.xml:105:9
	android:name
		ADDED from AndroidManifest.xml:102:9
	android:writePermission
		ADDED from AndroidManifest.xml:106:9
provider#com.aware.providers.Magnetometer_Provider
ADDED from AndroidManifest.xml:109:5
	android:exported
		ADDED from AndroidManifest.xml:112:9
	android:authorities
		ADDED from AndroidManifest.xml:111:9
		INJECTED from AndroidManifest.xml:0:0
	android:readPermission
		ADDED from AndroidManifest.xml:113:9
	android:name
		ADDED from AndroidManifest.xml:110:9
	android:writePermission
		ADDED from AndroidManifest.xml:114:9
provider#com.aware.providers.Proximity_Provider
ADDED from AndroidManifest.xml:117:5
	android:exported
		ADDED from AndroidManifest.xml:120:9
	android:authorities
		ADDED from AndroidManifest.xml:119:9
		INJECTED from AndroidManifest.xml:0:0
	android:readPermission
		ADDED from AndroidManifest.xml:121:9
	android:name
		ADDED from AndroidManifest.xml:118:9
	android:writePermission
		ADDED from AndroidManifest.xml:122:9
provider#com.aware.providers.Light_Provider
ADDED from AndroidManifest.xml:125:5
	android:exported
		ADDED from AndroidManifest.xml:128:9
	android:authorities
		ADDED from AndroidManifest.xml:127:9
		INJECTED from AndroidManifest.xml:0:0
	android:readPermission
		ADDED from AndroidManifest.xml:129:9
	android:name
		ADDED from AndroidManifest.xml:126:9
	android:writePermission
		ADDED from AndroidManifest.xml:130:9
provider#com.aware.providers.Telephony_Provider
ADDED from AndroidManifest.xml:133:5
	android:exported
		ADDED from AndroidManifest.xml:136:9
	android:authorities
		ADDED from AndroidManifest.xml:135:9
		INJECTED from AndroidManifest.xml:0:0
	android:readPermission
		ADDED from AndroidManifest.xml:137:9
	android:name
		ADDED from AndroidManifest.xml:134:9
	android:writePermission
		ADDED from AndroidManifest.xml:138:9
provider#com.aware.providers.Aware_Provider
ADDED from AndroidManifest.xml:141:5
	android:exported
		ADDED from AndroidManifest.xml:144:9
	android:authorities
		ADDED from AndroidManifest.xml:143:9
		INJECTED from AndroidManifest.xml:0:0
	android:readPermission
		ADDED from AndroidManifest.xml:145:9
	android:name
		ADDED from AndroidManifest.xml:142:9
	android:writePermission
		ADDED from AndroidManifest.xml:146:9
provider#com.aware.providers.Rotation_Provider
ADDED from AndroidManifest.xml:149:5
	android:exported
		ADDED from AndroidManifest.xml:152:9
	android:authorities
		ADDED from AndroidManifest.xml:151:9
		INJECTED from AndroidManifest.xml:0:0
	android:readPermission
		ADDED from AndroidManifest.xml:153:9
	android:name
		ADDED from AndroidManifest.xml:150:9
	android:writePermission
		ADDED from AndroidManifest.xml:154:9
provider#com.aware.providers.WiFi_Provider
ADDED from AndroidManifest.xml:157:5
	android:exported
		ADDED from AndroidManifest.xml:160:9
	android:authorities
		ADDED from AndroidManifest.xml:159:9
		INJECTED from AndroidManifest.xml:0:0
	android:readPermission
		ADDED from AndroidManifest.xml:161:9
	android:name
		ADDED from AndroidManifest.xml:158:9
	android:writePermission
		ADDED from AndroidManifest.xml:162:9
provider#com.aware.providers.Accelerometer_Provider
ADDED from AndroidManifest.xml:165:5
	android:exported
		ADDED from AndroidManifest.xml:168:9
	android:authorities
		ADDED from AndroidManifest.xml:167:9
		INJECTED from AndroidManifest.xml:0:0
	android:readPermission
		ADDED from AndroidManifest.xml:169:9
	android:name
		ADDED from AndroidManifest.xml:166:9
	android:writePermission
		ADDED from AndroidManifest.xml:170:9
provider#com.aware.providers.Gyroscope_Provider
ADDED from AndroidManifest.xml:173:5
	android:exported
		ADDED from AndroidManifest.xml:176:9
	android:authorities
		ADDED from AndroidManifest.xml:175:9
		INJECTED from AndroidManifest.xml:0:0
	android:readPermission
		ADDED from AndroidManifest.xml:177:9
	android:name
		ADDED from AndroidManifest.xml:174:9
	android:writePermission
		ADDED from AndroidManifest.xml:178:9
provider#com.aware.providers.Traffic_Provider
ADDED from AndroidManifest.xml:181:5
	android:exported
		ADDED from AndroidManifest.xml:184:9
	android:authorities
		ADDED from AndroidManifest.xml:183:9
		INJECTED from AndroidManifest.xml:0:0
	android:readPermission
		ADDED from AndroidManifest.xml:185:9
	android:name
		ADDED from AndroidManifest.xml:182:9
	android:writePermission
		ADDED from AndroidManifest.xml:186:9
provider#com.aware.providers.Mqtt_Provider
ADDED from AndroidManifest.xml:189:5
	android:exported
		ADDED from AndroidManifest.xml:192:9
	android:authorities
		ADDED from AndroidManifest.xml:191:9
		INJECTED from AndroidManifest.xml:0:0
	android:readPermission
		ADDED from AndroidManifest.xml:193:9
	android:name
		ADDED from AndroidManifest.xml:190:9
	android:writePermission
		ADDED from AndroidManifest.xml:194:9
provider#com.aware.providers.Processor_Provider
ADDED from AndroidManifest.xml:197:5
	android:exported
		ADDED from AndroidManifest.xml:200:9
	android:authorities
		ADDED from AndroidManifest.xml:199:9
		INJECTED from AndroidManifest.xml:0:0
	android:readPermission
		ADDED from AndroidManifest.xml:201:9
	android:name
		ADDED from AndroidManifest.xml:198:9
	android:writePermission
		ADDED from AndroidManifest.xml:202:9
provider#com.aware.providers.TimeZone_Provider
ADDED from AndroidManifest.xml:205:5
	android:exported
		ADDED from AndroidManifest.xml:208:9
	android:authorities
		ADDED from AndroidManifest.xml:207:9
		INJECTED from AndroidManifest.xml:0:0
	android:readPermission
		ADDED from AndroidManifest.xml:209:9
	android:name
		ADDED from AndroidManifest.xml:206:9
	android:writePermission
		ADDED from AndroidManifest.xml:210:9
provider#com.aware.providers.Battery_Provider
ADDED from AndroidManifest.xml:213:5
	android:exported
		ADDED from AndroidManifest.xml:216:9
	android:authorities
		ADDED from AndroidManifest.xml:215:9
		INJECTED from AndroidManifest.xml:0:0
	android:readPermission
		ADDED from AndroidManifest.xml:217:9
	android:name
		ADDED from AndroidManifest.xml:214:9
	android:writePermission
		ADDED from AndroidManifest.xml:218:9
provider#com.aware.providers.Screen_Provider
ADDED from AndroidManifest.xml:221:5
	android:exported
		ADDED from AndroidManifest.xml:224:9
	android:authorities
		ADDED from AndroidManifest.xml:223:9
		INJECTED from AndroidManifest.xml:0:0
	android:readPermission
		ADDED from AndroidManifest.xml:225:9
	android:name
		ADDED from AndroidManifest.xml:222:9
	android:writePermission
		ADDED from AndroidManifest.xml:226:9
provider#com.aware.providers.Network_Provider
ADDED from AndroidManifest.xml:229:5
	android:exported
		ADDED from AndroidManifest.xml:232:9
	android:authorities
		ADDED from AndroidManifest.xml:231:9
		INJECTED from AndroidManifest.xml:0:0
	android:readPermission
		ADDED from AndroidManifest.xml:233:9
	android:name
		ADDED from AndroidManifest.xml:230:9
	android:writePermission
		ADDED from AndroidManifest.xml:234:9
provider#com.aware.providers.Communication_Provider
ADDED from AndroidManifest.xml:237:5
	android:exported
		ADDED from AndroidManifest.xml:240:9
	android:authorities
		ADDED from AndroidManifest.xml:239:9
		INJECTED from AndroidManifest.xml:0:0
	android:readPermission
		ADDED from AndroidManifest.xml:241:9
	android:name
		ADDED from AndroidManifest.xml:238:9
	android:writePermission
		ADDED from AndroidManifest.xml:242:9
provider#com.aware.providers.Keyboard_Provider
ADDED from AndroidManifest.xml:245:5
	android:exported
		ADDED from AndroidManifest.xml:248:9
	android:authorities
		ADDED from AndroidManifest.xml:247:9
		INJECTED from AndroidManifest.xml:0:0
	android:readPermission
		ADDED from AndroidManifest.xml:249:9
	android:name
		ADDED from AndroidManifest.xml:246:9
	android:writePermission
		ADDED from AndroidManifest.xml:250:9
uses-feature#android.hardware.camera
ADDED from com.awareframework:aware-core:3.4.6:11:5
	android:name
		ADDED from com.awareframework:aware-core:3.4.6:11:19
uses-feature#android.hardware.camera.autofocus
ADDED from com.awareframework:aware-core:3.4.6:12:5
	android:name
		ADDED from com.awareframework:aware-core:3.4.6:12:19
uses-permission#com.aware.READ_CONTEXT_DATA
ADDED from com.awareframework:aware-core:3.4.6:46:5
	android:name
		ADDED from com.awareframework:aware-core:3.4.6:46:22
uses-permission#com.aware.WRITE_CONTEXT_DATA
ADDED from com.awareframework:aware-core:3.4.6:47:5
	android:name
		ADDED from com.awareframework:aware-core:3.4.6:47:22
uses-permission#android.permission.INTERNET
ADDED from com.awareframework:aware-core:3.4.6:49:5
MERGED from com.google.android.gms:play-services-ads:7.5.0:20:5
MERGED from com.google.android.gms:play-services-analytics:7.5.0:21:5
MERGED from com.google.android.gms:play-services-analytics:7.5.0:21:5
MERGED from com.google.android.gms:play-services-appinvite:7.5.0:19:5
MERGED from com.google.android.gms:play-services-maps:7.5.0:21:5
MERGED from com.google.android.gms:play-services-maps:7.5.0:21:5
MERGED from com.google.android.gms:play-services-maps:7.5.0:21:5
MERGED from com.google.android.gms:play-services-wallet:7.5.0:20:5
MERGED from com.google.android.gms:play-services-maps:7.5.0:21:5
	android:name
		ADDED from com.awareframework:aware-core:3.4.6:49:22
uses-permission#android.permission.ACCESS_NETWORK_STATE
ADDED from com.awareframework:aware-core:3.4.6:50:5
MERGED from com.google.android.gms:play-services-ads:7.5.0:21:5
MERGED from com.google.android.gms:play-services-analytics:7.5.0:22:5
MERGED from com.google.android.gms:play-services-analytics:7.5.0:22:5
MERGED from com.google.android.gms:play-services-maps:7.5.0:20:5
MERGED from com.google.android.gms:play-services-maps:7.5.0:20:5
MERGED from com.google.android.gms:play-services-maps:7.5.0:20:5
MERGED from com.google.android.gms:play-services-nearby:7.5.0:19:5
MERGED from com.google.android.gms:play-services-maps:7.5.0:20:5
	android:name
		ADDED from com.awareframework:aware-core:3.4.6:50:22
uses-permission#android.permission.WAKE_LOCK
ADDED from com.awareframework:aware-core:3.4.6:51:5
	android:name
		ADDED from com.awareframework:aware-core:3.4.6:51:22
meta-data#com.google.android.gms.version
ADDED from com.awareframework:aware-core:3.4.6:57:9
MERGED from com.google.android.gms:play-services-base:7.5.0:21:9
MERGED from com.google.android.gms:play-services-base:7.5.0:21:9
MERGED from com.google.android.gms:play-services-base:7.5.0:21:9
MERGED from com.google.android.gms:play-services-base:7.5.0:21:9
MERGED from com.google.android.gms:play-services-base:7.5.0:21:9
MERGED from com.google.android.gms:play-services-base:7.5.0:21:9
MERGED from com.google.android.gms:play-services-base:7.5.0:21:9
MERGED from com.google.android.gms:play-services-base:7.5.0:21:9
MERGED from com.google.android.gms:play-services-base:7.5.0:21:9
MERGED from com.google.android.gms:play-services-base:7.5.0:21:9
MERGED from com.google.android.gms:play-services-base:7.5.0:21:9
MERGED from com.google.android.gms:play-services-base:7.5.0:21:9
MERGED from com.google.android.gms:play-services-base:7.5.0:21:9
MERGED from com.google.android.gms:play-services-base:7.5.0:21:9
MERGED from com.google.android.gms:play-services-base:7.5.0:21:9
MERGED from com.google.android.gms:play-services-base:7.5.0:21:9
MERGED from com.google.android.gms:play-services-base:7.5.0:21:9
MERGED from com.google.android.gms:play-services-base:7.5.0:21:9
MERGED from com.google.android.gms:play-services-base:7.5.0:21:9
MERGED from com.google.android.gms:play-services-base:7.5.0:21:9
MERGED from com.google.android.gms:play-services-base:7.5.0:21:9
MERGED from com.google.android.gms:play-services-base:7.5.0:21:9
MERGED from com.google.android.gms:play-services-base:7.5.0:21:9
MERGED from com.google.android.gms:play-services-base:7.5.0:21:9
MERGED from com.google.android.gms:play-services-base:7.5.0:21:9
MERGED from com.google.android.gms:play-services-base:7.5.0:21:9
MERGED from com.google.android.gms:play-services-base:7.5.0:21:9
	android:name
		ADDED from com.awareframework:aware-core:3.4.6:58:13
	android:value
		ADDED from com.awareframework:aware-core:3.4.6:59:13
activity#com.aware.Aware_Preferences
ADDED from com.awareframework:aware-core:3.4.6:60:9
	android:label
		ADDED from com.awareframework:aware-core:3.4.6:66:13
	android:icon
		ADDED from com.awareframework:aware-core:3.4.6:65:13
	android:configChanges
		ADDED from com.awareframework:aware-core:3.4.6:62:13
	android:theme
		ADDED from com.awareframework:aware-core:3.4.6:68:13
	android:exported
		ADDED from com.awareframework:aware-core:3.4.6:64:13
	android:enabled
		ADDED from com.awareframework:aware-core:3.4.6:63:13
	android:name
		ADDED from com.awareframework:aware-core:3.4.6:61:13
	android:launchMode